<?xml version="1.0" encoding="UTF-8"?>
<!-- Generated by org.testng.reporters.JUnitReportReporter -->
<testsuite hostname="DESKTOP-FTESGII" failures="0" tests="6" name="com.qa.api.test.DDTests" time="10.427" errors="0" timestamp="2025-01-08T16:43:05 IST" skipped="0">
  <testcase classname="com.qa.api.test.DDTests" name="testPostUser" time="1.275"/>
  <system-out/>
  <testcase classname="com.qa.api.test.DDTests" name="testPostUser" time="1.257"/>
  <system-out/>
  <testcase classname="com.qa.api.test.DDTests" name="testPostUser" time="4.274"/>
  <system-out/>
  <testcase classname="com.qa.api.test.DDTests" name="testDeleteUserByName" time="1.213"/>
  <system-out/>
  <testcase classname="com.qa.api.test.DDTests" name="testDeleteUserByName" time="1.175"/>
  <system-out/>
  <testcase classname="com.qa.api.test.DDTests" name="testDeleteUserByName" time="1.233"/>
  <system-out/>
</testsuite> <!-- com.qa.api.test.DDTests -->
