<?xml version="1.0" encoding="UTF-8"?>
<!-- Generated by org.testng.reporters.JUnitReportReporter -->
<testsuite hostname="DESKTOP-FTESGII" failures="0" tests="4" name="com.qa.api.test.UserTests" time="6.155" errors="0" timestamp="2025-01-08T16:43:05 IST" skipped="0">
  <testcase classname="com.qa.api.test.UserTests" name="testPostUser" time="1.294"/>
  <system-out/>
  <testcase classname="com.qa.api.test.UserTests" name="testGetUser" time="1.172"/>
  <system-out/>
  <testcase classname="com.qa.api.test.UserTests" name="testUpdateUser" time="2.457"/>
  <system-out/>
  <testcase classname="com.qa.api.test.UserTests" name="testDeleteUser" time="1.232"/>
  <system-out/>
</testsuite> <!-- com.qa.api.test.UserTests -->
