<?xml version="1.0" encoding="UTF-8"?>
<!-- Generated by org.testng.reporters.JUnitReportReporter -->
<testsuite hostname="RajKumar" failures="0" tests="4" name="com.qa.api.test.UserTests" time="6.098" errors="0" timestamp="2025-01-08T18:01:13 IST" skipped="0">
  <testcase classname="com.qa.api.test.UserTests" name="testPostUser" time="1.250"/>
  <system-out/>
  <testcase classname="com.qa.api.test.UserTests" name="testGetUser" time="1.175"/>
  <system-out/>
  <testcase classname="com.qa.api.test.UserTests" name="testUpdateUser" time="2.440"/>
  <system-out/>
  <testcase classname="com.qa.api.test.UserTests" name="testDeleteUser" time="1.233"/>
  <system-out/>
</testsuite> <!-- com.qa.api.test.UserTests -->
