<?xml version="1.0" encoding="UTF-8"?>
<!-- Generated by org.testng.reporters.JUnitReportReporter -->
<testsuite hostname="RajKumar" failures="0" tests="6" name="com.qa.api.test.DDTests" time="10.176" errors="0" timestamp="2025-01-08T18:01:13 IST" skipped="0">
  <testcase classname="com.qa.api.test.DDTests" name="testPostUser" time="1.208"/>
  <system-out/>
  <testcase classname="com.qa.api.test.DDTests" name="testPostUser" time="1.211"/>
  <system-out/>
  <testcase classname="com.qa.api.test.DDTests" name="testPostUser" time="4.147"/>
  <system-out/>
  <testcase classname="com.qa.api.test.DDTests" name="testDeleteUserByName" time="1.209"/>
  <system-out/>
  <testcase classname="com.qa.api.test.DDTests" name="testDeleteUserByName" time="1.202"/>
  <system-out/>
  <testcase classname="com.qa.api.test.DDTests" name="testDeleteUserByName" time="1.199"/>
  <system-out/>
</testsuite> <!-- com.qa.api.test.DDTests -->
